################################################################################
# yum search vim
################################################################################
[root@vcentos ~]# yum search vim
Failed to set locale, defaulting to C
Loaded plugins: fastestmirror
Loading mirror speeds from cached hostfile
 * base: mirrors.xmission.com
 * epel: mirrors.develooper.com
 * extras: mirrors.xmission.com
 * updates: mirrors.xmission.com
======================================= N/S matched: vim =======================================
beakerlib-vim-syntax.noarch : Files for syntax highlighting BeakerLib tests in VIM editor
fluxbox-vim-syntax.noarch : Fluxbox syntax scripts for vim
neovim.x86_64 : Vim-fork focused on extensibility and agility
protobuf-vim.x86_64 : Vim syntax highlighting for Google Protocol Buffers descriptions
python2-neovim.noarch : Python client to Neovim
python34-neovim.noarch : Python client to Neovim
vim-X11.x86_64 : The VIM version of the vi editor for the X Window System
vim-common.x86_64 : The common files needed by any version of the VIM editor
vim-enhanced.x86_64 : A version of the VIM editor which includes recent enhancements
vim-filesystem.x86_64 : VIM filesystem layout
vim-go.x86_64 : Go development plugin for Vim
vim-gtk-syntax.noarch : Vim syntax highlighting for GLib, Gtk+, Gstreamer, and more
vim-minimal.x86_64 : A minimal version of the VIM editor
vim-vimoutliner.noarch : Script for building an outline editor on top of Vim
xtuple-csvimp-devel.x86_64 : CSVImp development files
vim-halibut.noarch : Syntax file for the halibut manual tool
xtuple-csvimp.x86_64 : xTuple data import utility

  Name and summary matches only, use "search all" for everything.

################################################################################
# yum deplist vim
################################################################################
[root@vcentos ~]# yum deplist vim
Failed to set locale, defaulting to C
Loaded plugins: fastestmirror
Loading mirror speeds from cached hostfile
 * base: mirrors.xmission.com
 * epel: mirrors.develooper.com
 * extras: mirrors.xmission.com
 * updates: mirrors.xmission.com

################################################################################
# yum install vim
################################################################################
[root@vcentos ~]# yum install vim
Failed to set locale, defaulting to C
Loaded plugins: fastestmirror
Loading mirror speeds from cached hostfile
 * base: mirrors.xmission.com
 * epel: mirrors.develooper.com
 * extras: mirrors.xmission.com
 * updates: mirrors.xmission.com
Resolving Dependencies
--> Running transaction check
---> Package vim-enhanced.x86_64 2:7.4.160-2.el7 will be installed
--> Processing Dependency: vim-common = 2:7.4.160-2.el7 for package: 2:vim-enhanced-7.4.160-2.el7.x86_64
--> Processing Dependency: perl(:MODULE_COMPAT_5.16.3) for package: 2:vim-enhanced-7.4.160-2.el7.x86_64
--> Processing Dependency: libperl.so()(64bit) for package: 2:vim-enhanced-7.4.160-2.el7.x86_64
--> Processing Dependency: libgpm.so.2()(64bit) for package: 2:vim-enhanced-7.4.160-2.el7.x86_64
--> Running transaction check
---> Package gpm-libs.x86_64 0:1.20.7-5.el7 will be installed
---> Package perl.x86_64 4:5.16.3-292.el7 will be installed
--> Processing Dependency: perl(Socket) >= 1.3 for package: 4:perl-5.16.3-292.el7.x86_64
--> Processing Dependency: perl(Scalar::Util) >= 1.10 for package: 4:perl-5.16.3-292.el7.x86_64
--> Processing Dependency: perl-macros for package: 4:perl-5.16.3-292.el7.x86_64
--> Processing Dependency: perl(threads::shared) for package: 4:perl-5.16.3-292.el7.x86_64
--> Processing Dependency: perl(threads) for package: 4:perl-5.16.3-292.el7.x86_64
--> Processing Dependency: perl(constant) for package: 4:perl-5.16.3-292.el7.x86_64
--> Processing Dependency: perl(Time::Local) for package: 4:perl-5.16.3-292.el7.x86_64
--> Processing Dependency: perl(Time::HiRes) for package: 4:perl-5.16.3-292.el7.x86_64
--> Processing Dependency: perl(Storable) for package: 4:perl-5.16.3-292.el7.x86_64
--> Processing Dependency: perl(Socket) for package: 4:perl-5.16.3-292.el7.x86_64
--> Processing Dependency: perl(Scalar::Util) for package: 4:perl-5.16.3-292.el7.x86_64
--> Processing Dependency: perl(Pod::Simple::XHTML) for package: 4:perl-5.16.3-292.el7.x86_64
--> Processing Dependency: perl(Pod::Simple::Search) for package: 4:perl-5.16.3-292.el7.x86_64
--> Processing Dependency: perl(Getopt::Long) for package: 4:perl-5.16.3-292.el7.x86_64
--> Processing Dependency: perl(Filter::Util::Call) for package: 4:perl-5.16.3-292.el7.x86_64
--> Processing Dependency: perl(File::Temp) for package: 4:perl-5.16.3-292.el7.x86_64
--> Processing Dependency: perl(File::Spec::Unix) for package: 4:perl-5.16.3-292.el7.x86_64
--> Processing Dependency: perl(File::Spec::Functions) for package: 4:perl-5.16.3-292.el7.x86_64
--> Processing Dependency: perl(File::Spec) for package: 4:perl-5.16.3-292.el7.x86_64
--> Processing Dependency: perl(File::Path) for package: 4:perl-5.16.3-292.el7.x86_64
--> Processing Dependency: perl(Exporter) for package: 4:perl-5.16.3-292.el7.x86_64
--> Processing Dependency: perl(Cwd) for package: 4:perl-5.16.3-292.el7.x86_64
--> Processing Dependency: perl(Carp) for package: 4:perl-5.16.3-292.el7.x86_64
---> Package perl-libs.x86_64 4:5.16.3-292.el7 will be installed
---> Package vim-common.x86_64 2:7.4.160-1.el7_3.1 will be updated
---> Package vim-common.x86_64 2:7.4.160-2.el7 will be an update
--> Running transaction check
---> Package perl-Carp.noarch 0:1.26-244.el7 will be installed
---> Package perl-Exporter.noarch 0:5.68-3.el7 will be installed
---> Package perl-File-Path.noarch 0:2.09-2.el7 will be installed
---> Package perl-File-Temp.noarch 0:0.23.01-3.el7 will be installed
---> Package perl-Filter.x86_64 0:1.49-3.el7 will be installed
---> Package perl-Getopt-Long.noarch 0:2.40-2.el7 will be installed
--> Processing Dependency: perl(Pod::Usage) >= 1.14 for package: perl-Getopt-Long-2.40-2.el7.noarch
--> Processing Dependency: perl(Text::ParseWords) for package: perl-Getopt-Long-2.40-2.el7.noarch
---> Package perl-PathTools.x86_64 0:3.40-5.el7 will be installed
---> Package perl-Pod-Simple.noarch 1:3.28-4.el7 will be installed
--> Processing Dependency: perl(Pod::Escapes) >= 1.04 for package: 1:perl-Pod-Simple-3.28-4.el7.noarch
--> Processing Dependency: perl(Encode) for package: 1:perl-Pod-Simple-3.28-4.el7.noarch
---> Package perl-Scalar-List-Utils.x86_64 0:1.27-248.el7 will be installed
---> Package perl-Socket.x86_64 0:2.010-4.el7 will be installed
---> Package perl-Storable.x86_64 0:2.45-3.el7 will be installed
---> Package perl-Time-HiRes.x86_64 4:1.9725-3.el7 will be installed
---> Package perl-Time-Local.noarch 0:1.2300-2.el7 will be installed
---> Package perl-constant.noarch 0:1.27-2.el7 will be installed
---> Package perl-macros.x86_64 4:5.16.3-292.el7 will be installed
---> Package perl-threads.x86_64 0:1.87-4.el7 will be installed
---> Package perl-threads-shared.x86_64 0:1.43-6.el7 will be installed
--> Running transaction check
---> Package perl-Encode.x86_64 0:2.51-7.el7 will be installed
---> Package perl-Pod-Escapes.noarch 1:1.04-292.el7 will be installed
---> Package perl-Pod-Usage.noarch 0:1.63-3.el7 will be installed
--> Processing Dependency: perl(Pod::Text) >= 3.15 for package: perl-Pod-Usage-1.63-3.el7.noarch
--> Processing Dependency: perl-Pod-Perldoc for package: perl-Pod-Usage-1.63-3.el7.noarch
---> Package perl-Text-ParseWords.noarch 0:3.29-4.el7 will be installed
--> Running transaction check
---> Package perl-Pod-Perldoc.noarch 0:3.20-4.el7 will be installed
--> Processing Dependency: perl(parent) for package: perl-Pod-Perldoc-3.20-4.el7.noarch
--> Processing Dependency: perl(HTTP::Tiny) for package: perl-Pod-Perldoc-3.20-4.el7.noarch
---> Package perl-podlators.noarch 0:2.5.1-3.el7 will be installed
--> Running transaction check
---> Package perl-HTTP-Tiny.noarch 0:0.033-3.el7 will be installed
---> Package perl-parent.noarch 1:0.225-244.el7 will be installed
--> Finished Dependency Resolution

Dependencies Resolved

================================================================================================
 Package                         Arch            Version                    Repository     Size
================================================================================================
Installing:
 vim-enhanced                    x86_64          2:7.4.160-2.el7            base          1.0 M
Installing for dependencies:
 gpm-libs                        x86_64          1.20.7-5.el7               base           32 k
 perl                            x86_64          4:5.16.3-292.el7           base          8.0 M
 perl-Carp                       noarch          1.26-244.el7               base           19 k
 perl-Encode                     x86_64          2.51-7.el7                 base          1.5 M
 perl-Exporter                   noarch          5.68-3.el7                 base           28 k
 perl-File-Path                  noarch          2.09-2.el7                 base           26 k
 perl-File-Temp                  noarch          0.23.01-3.el7              base           56 k
 perl-Filter                     x86_64          1.49-3.el7                 base           76 k
 perl-Getopt-Long                noarch          2.40-2.el7                 base           56 k
 perl-HTTP-Tiny                  noarch          0.033-3.el7                base           38 k
 perl-PathTools                  x86_64          3.40-5.el7                 base           82 k
 perl-Pod-Escapes                noarch          1:1.04-292.el7             base           51 k
 perl-Pod-Perldoc                noarch          3.20-4.el7                 base           87 k
 perl-Pod-Simple                 noarch          1:3.28-4.el7               base          216 k
 perl-Pod-Usage                  noarch          1.63-3.el7                 base           27 k
 perl-Scalar-List-Utils          x86_64          1.27-248.el7               base           36 k
 perl-Socket                     x86_64          2.010-4.el7                base           49 k
 perl-Storable                   x86_64          2.45-3.el7                 base           77 k
 perl-Text-ParseWords            noarch          3.29-4.el7                 base           14 k
 perl-Time-HiRes                 x86_64          4:1.9725-3.el7             base           45 k
 perl-Time-Local                 noarch          1.2300-2.el7               base           24 k
 perl-constant                   noarch          1.27-2.el7                 base           19 k
 perl-libs                       x86_64          4:5.16.3-292.el7           base          688 k
 perl-macros                     x86_64          4:5.16.3-292.el7           base           43 k
 perl-parent                     noarch          1:0.225-244.el7            base           12 k
 perl-podlators                  noarch          2.5.1-3.el7                base          112 k
 perl-threads                    x86_64          1.87-4.el7                 base           49 k
 perl-threads-shared             x86_64          1.43-6.el7                 base           39 k
Updating for dependencies:
 vim-common                      x86_64          2:7.4.160-2.el7            base          5.9 M

Transaction Summary
================================================================================================
Install  1 Package  (+28 Dependent packages)
Upgrade             (  1 Dependent package)

Total download size: 18 M
Is this ok [y/d/N]: y
Downloading packages:
Delta RPMs disabled because /usr/bin/applydeltarpm not installed.
(1/30): perl-Carp-1.26-244.el7.noarch.rpm                                |  19 kB  00:00:00     
(2/30): gpm-libs-1.20.7-5.el7.x86_64.rpm                                 |  32 kB  00:00:00     
(3/30): perl-Exporter-5.68-3.el7.noarch.rpm                              |  28 kB  00:00:00     
(4/30): perl-File-Path-2.09-2.el7.noarch.rpm                             |  26 kB  00:00:00     
(5/30): perl-File-Temp-0.23.01-3.el7.noarch.rpm                          |  56 kB  00:00:00     
(6/30): perl-Filter-1.49-3.el7.x86_64.rpm                                |  76 kB  00:00:00     
(7/30): perl-Encode-2.51-7.el7.x86_64.rpm                                | 1.5 MB  00:00:00     
(8/30): perl-Getopt-Long-2.40-2.el7.noarch.rpm                           |  56 kB  00:00:00     
(9/30): perl-HTTP-Tiny-0.033-3.el7.noarch.rpm                            |  38 kB  00:00:00     
(10/30): perl-PathTools-3.40-5.el7.x86_64.rpm                            |  82 kB  00:00:00     
(11/30): perl-Pod-Perldoc-3.20-4.el7.noarch.rpm                          |  87 kB  00:00:00     
(12/30): perl-Pod-Escapes-1.04-292.el7.noarch.rpm                        |  51 kB  00:00:00     
(13/30): perl-Pod-Simple-3.28-4.el7.noarch.rpm                           | 216 kB  00:00:00     
(14/30): perl-Pod-Usage-1.63-3.el7.noarch.rpm                            |  27 kB  00:00:00     
(15/30): perl-Socket-2.010-4.el7.x86_64.rpm                              |  49 kB  00:00:00     
(16/30): perl-Scalar-List-Utils-1.27-248.el7.x86_64.rpm                  |  36 kB  00:00:00     
(17/30): perl-5.16.3-292.el7.x86_64.rpm                                  | 8.0 MB  00:00:01     
(18/30): perl-Storable-2.45-3.el7.x86_64.rpm                             |  77 kB  00:00:00     
(19/30): perl-Text-ParseWords-3.29-4.el7.noarch.rpm                      |  14 kB  00:00:00     
(20/30): perl-Time-HiRes-1.9725-3.el7.x86_64.rpm                         |  45 kB  00:00:00     
(21/30): perl-Time-Local-1.2300-2.el7.noarch.rpm                         |  24 kB  00:00:00     
(22/30): perl-constant-1.27-2.el7.noarch.rpm                             |  19 kB  00:00:00     
(23/30): perl-libs-5.16.3-292.el7.x86_64.rpm                             | 688 kB  00:00:00     
(24/30): perl-macros-5.16.3-292.el7.x86_64.rpm                           |  43 kB  00:00:00     
(25/30): perl-parent-0.225-244.el7.noarch.rpm                            |  12 kB  00:00:00     
(26/30): perl-podlators-2.5.1-3.el7.noarch.rpm                           | 112 kB  00:00:00     
(27/30): perl-threads-1.87-4.el7.x86_64.rpm                              |  49 kB  00:00:00     
(28/30): perl-threads-shared-1.43-6.el7.x86_64.rpm                       |  39 kB  00:00:00     
(29/30): vim-enhanced-7.4.160-2.el7.x86_64.rpm                           | 1.0 MB  00:00:00     
(30/30): vim-common-7.4.160-2.el7.x86_64.rpm                             | 5.9 MB  00:00:00     
------------------------------------------------------------------------------------------------
Total                                                            12 MB/s |  18 MB  00:00:01     
Running transaction check
Running transaction test
Transaction test succeeded
Running transaction
  Installing : 1:perl-parent-0.225-244.el7.noarch                                          1/31 
  Installing : perl-HTTP-Tiny-0.033-3.el7.noarch                                           2/31 
  Installing : perl-podlators-2.5.1-3.el7.noarch                                           3/31 
  Installing : perl-Pod-Perldoc-3.20-4.el7.noarch                                          4/31 
  Installing : 1:perl-Pod-Escapes-1.04-292.el7.noarch                                      5/31 
  Installing : perl-Text-ParseWords-3.29-4.el7.noarch                                      6/31 
  Installing : perl-Encode-2.51-7.el7.x86_64                                               7/31 
  Installing : perl-Pod-Usage-1.63-3.el7.noarch                                            8/31 
  Installing : 4:perl-macros-5.16.3-292.el7.x86_64                                         9/31 
  Installing : 4:perl-libs-5.16.3-292.el7.x86_64                                          10/31 
  Installing : perl-Storable-2.45-3.el7.x86_64                                            11/31 
  Installing : perl-Exporter-5.68-3.el7.noarch                                            12/31 
  Installing : perl-constant-1.27-2.el7.noarch                                            13/31 
  Installing : perl-Time-Local-1.2300-2.el7.noarch                                        14/31 
  Installing : perl-Socket-2.010-4.el7.x86_64                                             15/31 
  Installing : perl-Carp-1.26-244.el7.noarch                                              16/31 
  Installing : perl-PathTools-3.40-5.el7.x86_64                                           17/31 
  Installing : perl-Scalar-List-Utils-1.27-248.el7.x86_64                                 18/31 
  Installing : perl-File-Temp-0.23.01-3.el7.noarch                                        19/31 
  Installing : perl-File-Path-2.09-2.el7.noarch                                           20/31 
  Installing : perl-threads-shared-1.43-6.el7.x86_64                                      21/31 
  Installing : perl-threads-1.87-4.el7.x86_64                                             22/31 
  Installing : 4:perl-Time-HiRes-1.9725-3.el7.x86_64                                      23/31 
  Installing : perl-Filter-1.49-3.el7.x86_64                                              24/31 
  Installing : 1:perl-Pod-Simple-3.28-4.el7.noarch                                        25/31 
  Installing : perl-Getopt-Long-2.40-2.el7.noarch                                         26/31 
  Installing : 4:perl-5.16.3-292.el7.x86_64                                               27/31 
  Updating   : 2:vim-common-7.4.160-2.el7.x86_64                                          28/31 
  Installing : gpm-libs-1.20.7-5.el7.x86_64                                               29/31 
  Installing : 2:vim-enhanced-7.4.160-2.el7.x86_64                                        30/31 
  Cleanup    : 2:vim-common-7.4.160-1.el7_3.1.x86_64                                      31/31 
  Verifying  : perl-HTTP-Tiny-0.033-3.el7.noarch                                           1/31 
  Verifying  : perl-threads-shared-1.43-6.el7.x86_64                                       2/31 
  Verifying  : perl-Storable-2.45-3.el7.x86_64                                             3/31 
  Verifying  : perl-Exporter-5.68-3.el7.noarch                                             4/31 
  Verifying  : perl-constant-1.27-2.el7.noarch                                             5/31 
  Verifying  : perl-PathTools-3.40-5.el7.x86_64                                            6/31 
  Verifying  : 4:perl-macros-5.16.3-292.el7.x86_64                                         7/31 
  Verifying  : 1:perl-parent-0.225-244.el7.noarch                                          8/31 
  Verifying  : 4:perl-5.16.3-292.el7.x86_64                                                9/31 
  Verifying  : perl-File-Temp-0.23.01-3.el7.noarch                                        10/31 
  Verifying  : 1:perl-Pod-Simple-3.28-4.el7.noarch                                        11/31 
  Verifying  : perl-Time-Local-1.2300-2.el7.noarch                                        12/31 
  Verifying  : gpm-libs-1.20.7-5.el7.x86_64                                               13/31 
  Verifying  : 4:perl-libs-5.16.3-292.el7.x86_64                                          14/31 
  Verifying  : perl-Pod-Perldoc-3.20-4.el7.noarch                                         15/31 
  Verifying  : perl-Socket-2.010-4.el7.x86_64                                             16/31 
  Verifying  : perl-Carp-1.26-244.el7.noarch                                              17/31 
  Verifying  : 2:vim-common-7.4.160-2.el7.x86_64                                          18/31 
  Verifying  : perl-Scalar-List-Utils-1.27-248.el7.x86_64                                 19/31 
  Verifying  : 1:perl-Pod-Escapes-1.04-292.el7.noarch                                     20/31 
  Verifying  : perl-Pod-Usage-1.63-3.el7.noarch                                           21/31 
  Verifying  : perl-Encode-2.51-7.el7.x86_64                                              22/31 
  Verifying  : perl-podlators-2.5.1-3.el7.noarch                                          23/31 
  Verifying  : perl-Getopt-Long-2.40-2.el7.noarch                                         24/31 
  Verifying  : 2:vim-enhanced-7.4.160-2.el7.x86_64                                        25/31 
  Verifying  : perl-File-Path-2.09-2.el7.noarch                                           26/31 
  Verifying  : perl-threads-1.87-4.el7.x86_64                                             27/31 
  Verifying  : 4:perl-Time-HiRes-1.9725-3.el7.x86_64                                      28/31 
  Verifying  : perl-Filter-1.49-3.el7.x86_64                                              29/31 
  Verifying  : perl-Text-ParseWords-3.29-4.el7.noarch                                     30/31 
  Verifying  : 2:vim-common-7.4.160-1.el7_3.1.x86_64                                      31/31 

Installed:
  vim-enhanced.x86_64 2:7.4.160-2.el7                                                           

Dependency Installed:
  gpm-libs.x86_64 0:1.20.7-5.el7               perl.x86_64 4:5.16.3-292.el7                    
  perl-Carp.noarch 0:1.26-244.el7              perl-Encode.x86_64 0:2.51-7.el7                 
  perl-Exporter.noarch 0:5.68-3.el7            perl-File-Path.noarch 0:2.09-2.el7              
  perl-File-Temp.noarch 0:0.23.01-3.el7        perl-Filter.x86_64 0:1.49-3.el7                 
  perl-Getopt-Long.noarch 0:2.40-2.el7         perl-HTTP-Tiny.noarch 0:0.033-3.el7             
  perl-PathTools.x86_64 0:3.40-5.el7           perl-Pod-Escapes.noarch 1:1.04-292.el7          
  perl-Pod-Perldoc.noarch 0:3.20-4.el7         perl-Pod-Simple.noarch 1:3.28-4.el7             
  perl-Pod-Usage.noarch 0:1.63-3.el7           perl-Scalar-List-Utils.x86_64 0:1.27-248.el7    
  perl-Socket.x86_64 0:2.010-4.el7             perl-Storable.x86_64 0:2.45-3.el7               
  perl-Text-ParseWords.noarch 0:3.29-4.el7     perl-Time-HiRes.x86_64 4:1.9725-3.el7           
  perl-Time-Local.noarch 0:1.2300-2.el7        perl-constant.noarch 0:1.27-2.el7               
  perl-libs.x86_64 4:5.16.3-292.el7            perl-macros.x86_64 4:5.16.3-292.el7             
  perl-parent.noarch 1:0.225-244.el7           perl-podlators.noarch 0:2.5.1-3.el7             
  perl-threads.x86_64 0:1.87-4.el7             perl-threads-shared.x86_64 0:1.43-6.el7         

Dependency Updated:
  vim-common.x86_64 2:7.4.160-2.el7                                                             

Complete!

################################################################################
# vim --version
################################################################################
[root@vcentos ~]# vim --version
VIM - Vi IMproved 7.4 (2013 Aug 10, compiled Aug  2 2017 00:45:39)
Included patches: 1-160
Modified by <bugzilla@redhat.com>
Compiled by <bugzilla@redhat.com>
Huge version without GUI.  Features included (+) or not (-):
+acl             +farsi           +mouse_netterm   +syntax
+arabic          +file_in_path    +mouse_sgr       +tag_binary
+autocmd         +find_in_path    -mouse_sysmouse  +tag_old_static
-balloon_eval    +float           +mouse_urxvt     -tag_any_white
-browse          +folding         +mouse_xterm     -tcl
++builtin_terms  -footer          +multi_byte      +terminfo
+byte_offset     +fork()          +multi_lang      +termresponse
+cindent         +gettext         -mzscheme        +textobjects
-clientserver    -hangul_input    +netbeans_intg   +title
-clipboard       +iconv           +path_extra      -toolbar
+cmdline_compl   +insert_expand   +perl            +user_commands
+cmdline_hist    +jumplist        +persistent_undo +vertsplit
+cmdline_info    +keymap          +postscript      +virtualedit
+comments        +langmap         +printer         +visual
+conceal         +libcall         +profile         +visualextra
+cryptv          +linebreak       +python/dyn      +viminfo
+cscope          +lispindent      -python3         +vreplace
+cursorbind      +listcmds        +quickfix        +wildignore
+cursorshape     +localmap        +reltime         +wildmenu
+dialog_con      -lua             +rightleft       +windows
+diff            +menu            +ruby/dyn        +writebackup
+digraphs        +mksession       +scrollbind      -X11
-dnd             +modify_fname    +signs           -xfontset
-ebcdic          +mouse           +smartindent     -xim
+emacs_tags      -mouseshape      -sniff           -xsmp
+eval            +mouse_dec       +startuptime     -xterm_clipboard
+ex_extra        +mouse_gpm       +statusline      -xterm_save
+extra_search    -mouse_jsbterm   -sun_workshop    -xpm
   system vimrc file: "/etc/vimrc"
     user vimrc file: "$HOME/.vimrc"
 2nd user vimrc file: "~/.vim/vimrc"
      user exrc file: "$HOME/.exrc"
  fall-back for $VIM: "/etc"
 f-b for $VIMRUNTIME: "/usr/share/vim/vim74"
Compilation: gcc -c -I. -Iproto -DHAVE_CONFIG_H     -O2 -g -pipe -Wall -fexceptions -fstack-protector-strong --param=ssp-buffer-size=4 -grecord-gcc-switches   -m64 -mtune=generic -D_GNU_SOURCE -D_FILE_OFFSET_BITS=64 -U_FORTIFY_SOURCE -D_FORTIFY_SOURCE=1      
Linking: gcc   -L. -Wl,-z,relro -fstack-protector -rdynamic -Wl,-export-dynamic -Wl,--enable-new-dtags -Wl,-rpath,/usr/lib64/perl5/CORE  -Wl,-z,relro  -L/usr/local/lib -Wl,--as-needed -o vim        -lm -lnsl  -lselinux  -lncurses -lacl -lattr -lgpm -ldl   -Wl,--enable-new-dtags -Wl,-rpath,/usr/lib64/perl5/CORE  -fstack-protector  -L/usr/lib64/perl5/CORE -lperl -lresolv -lnsl -ldl -lm -lcrypt -lutil -lpthread -lc       
[root@vcentos ~]# 
